Determining if the pthread_create exist failed with the following output:
Change Dir: /home/parallels/RoboMaster/Protocol/Mainfold/SerialInterface/cmake-build-debug/CMakeFiles/CMakeTmp

Run Build Command:"/usr/bin/make" "cmTC_31147/fast"
/usr/bin/make -f CMakeFiles/cmTC_31147.dir/build.make CMakeFiles/cmTC_31147.dir/build
make[1]: Entering directory '/home/parallels/RoboMaster/Protocol/Mainfold/SerialInterface/cmake-build-debug/CMakeFiles/CMakeTmp'
Building C object CMakeFiles/cmTC_31147.dir/CheckSymbolExists.c.o
/usr/bin/cc     -o CMakeFiles/cmTC_31147.dir/CheckSymbolExists.c.o   -c /home/parallels/RoboMaster/Protocol/Mainfold/SerialInterface/cmake-build-debug/CMakeFiles/CMakeTmp/CheckSymbolExists.c
Linking C executable cmTC_31147
/home/parallels/clion-2016.3.4/bin/cmake/bin/cmake -E cmake_link_script CMakeFiles/cmTC_31147.dir/link.txt --verbose=1
/usr/bin/cc       CMakeFiles/cmTC_31147.dir/CheckSymbolExists.c.o  -o cmTC_31147 -rdynamic 
CMakeFiles/cmTC_31147.dir/CheckSymbolExists.c.o: In function `main':
CheckSymbolExists.c:(.text+0x16): undefined reference to `pthread_create'
collect2: error: ld returned 1 exit status
CMakeFiles/cmTC_31147.dir/build.make:97: recipe for target 'cmTC_31147' failed
make[1]: *** [cmTC_31147] Error 1
make[1]: Leaving directory '/home/parallels/RoboMaster/Protocol/Mainfold/SerialInterface/cmake-build-debug/CMakeFiles/CMakeTmp'
Makefile:126: recipe for target 'cmTC_31147/fast' failed
make: *** [cmTC_31147/fast] Error 2

File /home/parallels/RoboMaster/Protocol/Mainfold/SerialInterface/cmake-build-debug/CMakeFiles/CMakeTmp/CheckSymbolExists.c:
/* */
#include <pthread.h>

int main(int argc, char** argv)
{
  (void)argv;
#ifndef pthread_create
  return ((int*)(&pthread_create))[argc];
#else
  (void)argc;
  return 0;
#endif
}

Determining if the function pthread_create exists in the pthreads failed with the following output:
Change Dir: /home/parallels/RoboMaster/Protocol/Mainfold/SerialInterface/cmake-build-debug/CMakeFiles/CMakeTmp

Run Build Command:"/usr/bin/make" "cmTC_cfe49/fast"
/usr/bin/make -f CMakeFiles/cmTC_cfe49.dir/build.make CMakeFiles/cmTC_cfe49.dir/build
make[1]: Entering directory '/home/parallels/RoboMaster/Protocol/Mainfold/SerialInterface/cmake-build-debug/CMakeFiles/CMakeTmp'
Building C object CMakeFiles/cmTC_cfe49.dir/CheckFunctionExists.c.o
/usr/bin/cc    -DCHECK_FUNCTION_EXISTS=pthread_create   -o CMakeFiles/cmTC_cfe49.dir/CheckFunctionExists.c.o   -c /home/parallels/clion-2016.3.4/bin/cmake/share/cmake-3.6/Modules/CheckFunctionExists.c
Linking C executable cmTC_cfe49
/home/parallels/clion-2016.3.4/bin/cmake/bin/cmake -E cmake_link_script CMakeFiles/cmTC_cfe49.dir/link.txt --verbose=1
/usr/bin/cc   -DCHECK_FUNCTION_EXISTS=pthread_create    CMakeFiles/cmTC_cfe49.dir/CheckFunctionExists.c.o  -o cmTC_cfe49 -rdynamic -lpthreads 
/usr/bin/ld: cannot find -lpthreads
collect2: error: ld returned 1 exit status
CMakeFiles/cmTC_cfe49.dir/build.make:97: recipe for target 'cmTC_cfe49' failed
make[1]: *** [cmTC_cfe49] Error 1
make[1]: Leaving directory '/home/parallels/RoboMaster/Protocol/Mainfold/SerialInterface/cmake-build-debug/CMakeFiles/CMakeTmp'
Makefile:126: recipe for target 'cmTC_cfe49/fast' failed
make: *** [cmTC_cfe49/fast] Error 2


